TSPLIB: brazil58
Max stagnation: 50
POPULATION_SIZE: 100
Run: 0
Generations created: 174
Elapsed time: 0:02:25.002652 ms
Path: ['0', '12', '24', '49', '17', '50', '27', '18', '45', '8', '39', '25', '5', '55', '33', '56', '40', '53', '4', '47', '10', '28', '34', '36', '35', '13', '20', '11', '43', '23', '48', '9', '32', '22', '31', '42', '1', '51', '38', '16', '15', '41', '26', '2', '21', '7', '46', '30', '6', '37', '44', '14', '54', '52', '19', '29', '3', '57']
Fitness: 74900.0
Run: 1
Generations created: 496
Elapsed time: 0:06:30.456403 ms
Path: ['0', '11', '42', '26', '4', '46', '48', '5', '16', '33', '32', '2', '15', '41', '40', '51', '34', '1', '54', '18', '35', '25', '50', '7', '22', '23', '43', '8', '52', '31', '19', '49', '37', '12', '17', '53', '38', '10', '13', '14', '27', '28', '56', '24', '39', '29', '36', '20', '45', '55', '44', '9', '47', '30', '6', '21', '3', '57']
Fitness: 66885.0
Run: 2
Generations created: 320
Elapsed time: 0:04:05.250912 ms
Path: ['0', '43', '56', '34', '28', '5', '45', '9', '2', '38', '8', '17', '29', '39', '50', '46', '47', '35', '20', '16', '32', '36', '7', '10', '21', '23', '24', '31', '22', '42', '25', '53', '3', '6', '30', '37', '41', '15', '44', '13', '14', '55', '33', '18', '19', '52', '49', '12', '40', '54', '4', '1', '48', '27', '51', '26', '11', '57']
Fitness: 63024.0
Run: 3
Generations created: 192
Elapsed time: 0:02:21.309479 ms
Path: ['0', '23', '39', '52', '51', '56', '21', '4', '25', '16', '33', '36', '20', '50', '11', '48', '55', '12', '43', '7', '9', '28', '40', '30', '37', '6', '17', '8', '19', '3', '38', '44', '45', '5', '47', '1', '54', '2', '32', '26', '13', '27', '15', '41', '35', '42', '22', '31', '29', '24', '49', '34', '53', '46', '10', '14', '18', '57']
Fitness: 76002.0
Run: 4
Generations created: 253
Elapsed time: 0:03:11.578550 ms
Path: ['0', '24', '4', '11', '18', '14', '36', '35', '38', '28', '34', '9', '21', '7', '46', '27', '32', '54', '3', '17', '43', '26', '10', '37', '39', '12', '19', '49', '25', '1', '51', '30', '41', '6', '15', '29', '52', '23', '56', '13', '50', '16', '5', '33', '44', '55', '45', '22', '8', '31', '42', '48', '40', '20', '2', '47', '53', '57']
Fitness: 68971.0

TSPLIB: brazil58
Max stagnation: 100
POPULATION_SIZE: 100
Run: 0
Elapsed time: 0:14:24.867471 ms
Generations created: 1122
Fitness: 52162.0
Path: ['0', '31', '24', '52', '49', '17', '7', '32', '13', '51', '38', '2', '48', '46', '34', '21', '29', '8', '39', '12', '23', '43', '42', '10', '20', '35', '5', '50', '16', '28', '56', '26', '22', '4', '25', '45', '44', '36', '14', '33', '55', '18', '27', '9', '15', '3', '19', '11', '40', '47', '1', '53', '41', '30', '6', '37', '54', '57']
Run: 1
Elapsed time: 0:06:51.620639 ms
Generations created: 540
Fitness: 62239.0
Path: ['0', '21', '47', '2', '5', '27', '16', '50', '34', '46', '53', '24', '12', '4', '1', '9', '48', '55', '44', '33', '13', '3', '49', '29', '22', '56', '23', '26', '30', '41', '37', '6', '10', '54', '20', '18', '25', '42', '40', '11', '28', '36', '14', '32', '45', '39', '8', '31', '52', '19', '35', '38', '51', '15', '7', '17', '43', '57']
Run: 2
Elapsed time: 0:16:14.850863 ms
Generations created: 1274
Fitness: 59906.0
Path: ['0', '48', '25', '33', '45', '20', '50', '40', '47', '6', '30', '41', '37', '39', '24', '12', '56', '49', '3', '17', '43', '21', '22', '51', '46', '38', '16', '13', '26', '4', '5', '27', '35', '2', '28', '10', '1', '7', '52', '19', '23', '18', '14', '36', '55', '44', '32', '15', '29', '8', '31', '42', '34', '53', '54', '9', '11', '57']
Run: 3
Elapsed time: 0:10:26.600028 ms
Generations created: 840
Fitness: 62149.0
Path: ['0', '56', '42', '34', '47', '54', '15', '21', '49', '52', '19', '24', '43', '23', '35', '20', '16', '50', '9', '10', '41', '37', '26', '4', '27', '46', '11', '22', '53', '32', '36', '55', '33', '14', '30', '6', '29', '12', '8', '44', '45', '7', '17', '48', '25', '13', '5', '18', '28', '2', '38', '51', '40', '1', '3', '31', '39', '57']
Run: 4
Elapsed time: 0:08:22.298602 ms
Generations created: 656
Fitness: 61179.0
Path: ['0', '24', '26', '27', '32', '28', '23', '29', '17', '52', '49', '30', '6', '37', '15', '48', '2', '40', '54', '42', '11', '13', '20', '35', '47', '21', '8', '3', '19', '12', '39', '31', '41', '56', '4', '7', '38', '16', '10', '1', '34', '44', '14', '36', '18', '46', '5', '45', '55', '33', '25', '50', '51', '9', '53', '22', '43', '57']

TSPLIB: brazil58
Max stagnation: 50
POPULATION_SIZE: 50
Run: 0
Elapsed time: 0:01:23.077696 ms
Generations created: 416
Fitness: 72454.0
Path: ['0', '10', '55', '16', '17', '43', '29', '8', '39', '12', '27', '14', '45', '33', '36', '13', '32', '35', '46', '6', '3', '24', '23', '40', '48', '30', '41', '37', '15', '53', '1', '54', '18', '26', '11', '57', '20', '25', '4', '56', '51', '47', '34', '49', '31', '42', '50', '5', '44', '21', '7', '28', '38', '9', '2', '22', '19', '52', '0']
Run: 1
Elapsed time: 0:00:51.317860 ms
Generations created: 266
Fitness: 78058.0
Path: ['0', '56', '27', '33', '55', '44', '4', '24', '39', '51', '48', '26', '16', '38', '42', '28', '34', '54', '32', '14', '40', '43', '49', '52', '21', '20', '35', '46', '11', '25', '1', '17', '29', '19', '8', '6', '30', '47', '10', '12', '31', '37', '41', '7', '50', '45', '18', '36', '13', '5', '15', '22', '2', '3', '9', '53', '57', '23', '0']
Run: 2
Elapsed time: 0:01:21.123287 ms
Generations created: 417
Fitness: 70798.0
Path: ['0', '39', '12', '27', '41', '30', '6', '37', '49', '23', '57', '7', '28', '54', '51', '1', '44', '32', '10', '20', '21', '8', '24', '22', '11', '2', '47', '18', '40', '14', '5', '33', '45', '55', '15', '3', '9', '36', '13', '56', '53', '29', '19', '43', '42', '26', '46', '50', '35', '25', '38', '34', '16', '48', '4', '31', '17', '52', '0']
Run: 3
Elapsed time: 0:00:36.000712 ms
Generations created: 184
Fitness: 72874.0
Path: ['0', '14', '44', '13', '45', '55', '9', '25', '18', '15', '46', '32', '2', '51', '28', '1', '54', '30', '6', '37', '41', '21', '3', '52', '34', '47', '5', '8', '39', '23', '11', '19', '42', '22', '29', '57', '49', '4', '56', '36', '35', '27', '50', '26', '33', '48', '38', '20', '16', '43', '12', '17', '7', '53', '10', '40', '24', '31', '0']
Run: 4
Elapsed time: 0:00:40.090159 ms
Generations created: 173
Fitness: 79793.0
Path: ['0', '24', '8', '19', '17', '3', '40', '16', '9', '38', '27', '13', '32', '44', '34', '46', '20', '4', '56', '22', '53', '25', '10', '54', '29', '57', '18', '55', '43', '15', '6', '30', '31', '23', '5', '45', '33', '36', '39', '49', '47', '14', '50', '51', '28', '7', '37', '41', '12', '52', '42', '1', '48', '26', '11', '35', '2', '21', '0']

TSPLIB: eil101
Max stagnation: 50
POPULATION_SIZE: 50
Run: 0
Elapsed time: 0:05:04.845215 ms
Generations created: 765
Fitness: 2090.2419650463926
Path: ['0', '6', '83', '13', '16', '60', '49', '2', '32', '11', '28', '72', '15', '37', '59', '36', '92', '4', '87', '18', '62', '56', '42', '46', '63', '76', '78', '34', '5', '12', '1', '71', '52', '66', '40', '47', '35', '82', '84', '96', '88', '17', '45', '19', '48', '81', '9', '69', '26', '20', '21', '24', '53', '8', '77', '67', '39', '14', '57', '31', '33', '23', '54', '38', '85', '41', '58', '95', '99', '90', '43', '73', '3', '93', '98', '86', '27', '25', '65', '64', '70', '55', '74', '94', '100', '75', '30', '61', '10', '51', '68', '29', '79', '22', '91', '97', '44', '7', '89', '50', '80', '0']
Run: 1
Elapsed time: 0:02:02.850768 ms
Generations created: 314
Fitness: 2367.6195674220594
Path: ['0', '26', '89', '10', '97', '1', '21', '71', '40', '29', '88', '84', '72', '75', '87', '81', '6', '50', '46', '44', '58', '94', '60', '14', '36', '92', '91', '69', '68', '18', '63', '48', '2', '23', '11', '33', '25', '17', '99', '43', '7', '64', '80', '45', '61', '53', '90', '96', '98', '51', '65', '8', '32', '62', '19', '5', '24', '9', '31', '78', '27', '83', '35', '47', '41', '56', '85', '4', '37', '76', '39', '30', '16', '59', '70', '34', '77', '28', '49', '79', '20', '66', '15', '12', '52', '86', '100', '3', '22', '42', '13', '57', '73', '55', '67', '38', '54', '74', '95', '93', '82', '0']
Run: 2
Elapsed time: 0:03:18.671457 ms
Generations created: 483
Fitness: 2064.3391472601693
Path: ['0', '25', '18', '63', '62', '11', '67', '23', '88', '37', '61', '70', '64', '49', '27', '3', '40', '71', '73', '19', '8', '89', '76', '22', '83', '81', '32', '28', '75', '2', '51', '69', '29', '35', '87', '17', '5', '4', '45', '47', '30', '26', '93', '41', '43', '85', '99', '97', '100', '52', '94', '72', '74', '13', '95', '36', '90', '15', '60', '92', '21', '66', '31', '65', '46', '10', '6', '48', '9', '7', '38', '24', '55', '96', '44', '16', '12', '57', '1', '33', '80', '77', '79', '86', '84', '42', '91', '68', '82', '98', '59', '58', '20', '56', '14', '39', '53', '54', '34', '78', '50', '0']
Run: 3
Elapsed time: 0:03:06.524831 ms
Generations created: 459
Fitness: 2272.076484251051
Path: ['0', '68', '61', '35', '49', '14', '66', '38', '67', '25', '16', '92', '96', '75', '31', '70', '3', '55', '22', '20', '72', '29', '8', '7', '95', '4', '88', '46', '87', '63', '48', '9', '81', '69', '17', '98', '82', '12', '43', '73', '6', '41', '86', '39', '74', '28', '32', '93', '15', '85', '90', '36', '57', '84', '18', '50', '77', '33', '42', '40', '24', '23', '79', '91', '53', '80', '19', '65', '62', '83', '99', '37', '78', '52', '51', '26', '44', '60', '58', '27', '89', '34', '64', '47', '10', '45', '59', '56', '71', '11', '30', '5', '97', '13', '1', '100', '94', '21', '54', '76', '2', '0']
Run: 4
Elapsed time: 0:06:58.307493 ms
Generations created: 1056
Fitness: 1864.4993773559468
Path: ['0', '52', '11', '67', '28', '76', '25', '51', '88', '6', '48', '63', '9', '34', '64', '50', '2', '78', '99', '98', '95', '17', '4', '30', '29', '80', '77', '26', '75', '39', '42', '94', '85', '82', '89', '65', '45', '7', '41', '21', '40', '73', '13', '1', '3', '38', '22', '66', '70', '33', '32', '49', '36', '43', '83', '5', '84', '92', '15', '68', '31', '87', '10', '81', '62', '35', '18', '44', '16', '60', '91', '61', '96', '86', '90', '37', '46', '47', '53', '79', '57', '100', '20', '54', '12', '97', '14', '71', '72', '74', '55', '24', '23', '8', '19', '69', '58', '59', '93', '56', '27', '0']

TSPLIB: gil262
Max stagnation: 50
POPULATION_SIZE: 50
Run: 0
Elapsed time: 0:36:51.272065 ms
Generations created: 1770
Fitness: 15494.289090804627
Path: ['0', '71', '184', '172', '169', '105', '88', '225', '230', '228', '80', '250', '159', '136', '227', '261', '72', '32', '75', '93', '208', '120', '232', '79', '214', '206', '137', '141', '67', '27', '44', '157', '116', '175', '81', '42', '245', '207', '178', '177', '96', '158', '247', '166', '111', '191', '143', '74', '226', '59', '21', '179', '171', '127', '164', '259', '94', '187', '217', '73', '37', '55', '4', '78', '231', '204', '98', '218', '170', '215', '131', '108', '104', '22', '109', '50', '174', '66', '255', '236', '162', '112', '102', '57', '210', '248', '139', '198', '181', '114', '63', '123', '82', '35', '194', '26', '252', '2', '14', '186', '90', '183', '64', '205', '130', '202', '113', '39', '244', '122', '83', '5', '239', '97', '221', '235', '254', '180', '40', '91', '106', '87', '76', '28', '133', '135', '48', '52', '253', '238', '86', '189', '61', '128', '220', '17', '11', '53', '165', '100', '222', '197', '125', '115', '140', '46', '68', '24', '47', '142', '6', '190', '152', '8', '13', '110', '151', '173', '192', '10', '249', '1', '31', '77', '119', '36', '3', '185', '188', '219', '12', '229', '200', '241', '38', '9', '101', '34', '45', '155', '20', '163', '195', '19', '146', '160', '43', '199', '153', '103', '209', '212', '223', '117', '243', '107', '233', '15', '161', '58', '126', '23', '56', '260', '182', '234', '145', '54', '16', '41', '193', '203', '7', '149', '167', '84', '258', '65', '25', '216', '51', '148', '150', '201', '99', '144', '168', '256', '132', '242', '62', '49', '95', '60', '89', '33', '240', '251', '118', '257', '92', '69', '70', '138', '18', '147', '124', '156', '213', '176', '129', '154', '85', '246', '211', '134', '224', '121', '196', '237', '29', '30', '0']
Run: 1
Elapsed time: 0:46:08.346093 ms
Generations created: 1915
Fitness: 15631.094036373734
Path: ['0', '20', '185', '65', '95', '236', '61', '213', '41', '234', '101', '159', '153', '176', '58', '40', '258', '124', '53', '219', '227', '165', '104', '209', '158', '225', '77', '184', '120', '113', '216', '247', '39', '16', '204', '128', '136', '146', '108', '119', '92', '142', '35', '249', '1', '130', '46', '112', '82', '29', '205', '260', '137', '114', '75', '257', '163', '230', '86', '94', '238', '36', '2', '8', '256', '25', '66', '177', '178', '179', '150', '246', '3', '138', '201', '67', '129', '68', '161', '244', '240', '224', '28', '195', '183', '90', '44', '259', '231', '78', '190', '145', '123', '32', '253', '215', '62', '175', '187', '52', '203', '121', '15', '168', '91', '189', '139', '111', '60', '48', '220', '151', '27', '210', '141', '228', '50', '109', '181', '155', '207', '148', '80', '43', '251', '235', '11', '149', '26', '191', '87', '21', '252', '63', '102', '79', '167', '49', '34', '33', '117', '84', '116', '97', '173', '221', '170', '56', '214', '232', '22', '164', '55', '202', '51', '5', '125', '199', '198', '166', '10', '89', '30', '132', '243', '18', '162', '64', '261', '122', '83', '133', '7', '134', '100', '105', '188', '156', '206', '69', '154', '4', '17', '71', '211', '217', '135', '42', '147', '241', '200', '31', '140', '24', '254', '226', '45', '85', '107', '88', '229', '152', '172', '196', '12', '192', '57', '81', '223', '239', '47', '250', '131', '255', '9', '180', '127', '106', '110', '13', '73', '99', '143', '186', '118', '245', '144', '98', '171', '6', '182', '248', '194', '197', '72', '222', '174', '74', '59', '157', '96', '218', '242', '193', '237', '37', '103', '212', '169', '115', '160', '93', '76', '126', '54', '14', '38', '23', '19', '208', '70', '233', '0']
