TSPLIB: brazil58
START: '0'
STOP: '57'
Run: 0
Elapsed Time: 0:00:00.001760 ms
Cost: 30201.0
Path: ['0', '29', '12', '39', '24', '8', '31', '19', '52', '49', '3', '17', '43', '23', '56', '11', '26', '42', '48', '46', '50', '9', '34', '51', '40', '1', '53', '54', '47', '2', '28', '35', '16', '25', '5', '18', '27', '13', '36', '33', '45', '55', '44', '32', '14', '20', '38', '10', '15', '21', '7', '4', '22', '37', '41', '30', '6', '57']
Run: 1
Elapsed Time: 0:00:00.001046 ms
Cost: 30201.0
Path: ['0', '29', '12', '39', '24', '8', '31', '19', '52', '49', '3', '17', '43', '23', '56', '11', '26', '42', '48', '46', '50', '9', '34', '51', '40', '1', '53', '54', '47', '2', '28', '35', '16', '25', '5', '18', '27', '13', '36', '33', '45', '55', '44', '32', '14', '20', '38', '10', '15', '21', '7', '4', '22', '37', '41', '30', '6', '57']
Run: 2
Elapsed Time: 0:00:00.000540 ms
Cost: 30201.0
Path: ['0', '29', '12', '39', '24', '8', '31', '19', '52', '49', '3', '17', '43', '23', '56', '11', '26', '42', '48', '46', '50', '9', '34', '51', '40', '1', '53', '54', '47', '2', '28', '35', '16', '25', '5', '18', '27', '13', '36', '33', '45', '55', '44', '32', '14', '20', '38', '10', '15', '21', '7', '4', '22', '37', '41', '30', '6', '57']
Run: 3
Elapsed Time: 0:00:00.000562 ms
Cost: 30201.0
Path: ['0', '29', '12', '39', '24', '8', '31', '19', '52', '49', '3', '17', '43', '23', '56', '11', '26', '42', '48', '46', '50', '9', '34', '51', '40', '1', '53', '54', '47', '2', '28', '35', '16', '25', '5', '18', '27', '13', '36', '33', '45', '55', '44', '32', '14', '20', '38', '10', '15', '21', '7', '4', '22', '37', '41', '30', '6', '57']
Run: 4
Elapsed Time: 0:00:00.000510 ms
Cost: 30201.0
Path: ['0', '29', '12', '39', '24', '8', '31', '19', '52', '49', '3', '17', '43', '23', '56', '11', '26', '42', '48', '46', '50', '9', '34', '51', '40', '1', '53', '54', '47', '2', '28', '35', '16', '25', '5', '18', '27', '13', '36', '33', '45', '55', '44', '32', '14', '20', '38', '10', '15', '21', '7', '4', '22', '37', '41', '30', '6', '57']

TSPLIB: brazil58
START: '0'
STOP: '0'
Run: 0
Elapsed Time: 0:00:00.000538 ms
Cost: 30774.0
Path: ['0', '29', '12', '39', '24', '8', '31', '19', '52', '49', '3', '17', '43', '23', '57', '4', '26', '42', '11', '56', '22', '53', '54', '1', '40', '34', '9', '51', '50', '46', '48', '2', '47', '38', '28', '35', '16', '25', '5', '18', '27', '13', '36', '33', '45', '55', '44', '32', '14', '20', '10', '15', '21', '7', '37', '41', '30', '6', '0']
Run: 1
Elapsed Time: 0:00:00.000518 ms
Cost: 30774.0
Path: ['0', '29', '12', '39', '24', '8', '31', '19', '52', '49', '3', '17', '43', '23', '57', '4', '26', '42', '11', '56', '22', '53', '54', '1', '40', '34', '9', '51', '50', '46', '48', '2', '47', '38', '28', '35', '16', '25', '5', '18', '27', '13', '36', '33', '45', '55', '44', '32', '14', '20', '10', '15', '21', '7', '37', '41', '30', '6', '0']
Run: 2
Elapsed Time: 0:00:00.000742 ms
Cost: 30774.0
Path: ['0', '29', '12', '39', '24', '8', '31', '19', '52', '49', '3', '17', '43', '23', '57', '4', '26', '42', '11', '56', '22', '53', '54', '1', '40', '34', '9', '51', '50', '46', '48', '2', '47', '38', '28', '35', '16', '25', '5', '18', '27', '13', '36', '33', '45', '55', '44', '32', '14', '20', '10', '15', '21', '7', '37', '41', '30', '6', '0']
Run: 3
Elapsed Time: 0:00:00.000636 ms
Cost: 30774.0
Path: ['0', '29', '12', '39', '24', '8', '31', '19', '52', '49', '3', '17', '43', '23', '57', '4', '26', '42', '11', '56', '22', '53', '54', '1', '40', '34', '9', '51', '50', '46', '48', '2', '47', '38', '28', '35', '16', '25', '5', '18', '27', '13', '36', '33', '45', '55', '44', '32', '14', '20', '10', '15', '21', '7', '37', '41', '30', '6', '0']
Run: 4
Elapsed Time: 0:00:00.000675 ms
Cost: 30774.0
Path: ['0', '29', '12', '39', '24', '8', '31', '19', '52', '49', '3', '17', '43', '23', '57', '4', '26', '42', '11', '56', '22', '53', '54', '1', '40', '34', '9', '51', '50', '46', '48', '2', '47', '38', '28', '35', '16', '25', '5', '18', '27', '13', '36', '33', '45', '55', '44', '32', '14', '20', '10', '15', '21', '7', '37', '41', '30', '6', '0']

TSPLIB: eil101
START: '0'
STOP: '0'
Run: 0
Elapsed Time: 0:00:00.001486 ms
Cost: 779.7185500089068
Path: ['0', '68', '26', '100', '52', '57', '39', '25', '11', '79', '67', '76', '2', '78', '77', '33', '80', '32', '50', '8', '70', '34', '64', '65', '19', '29', '69', '30', '87', '6', '81', '47', '46', '35', '48', '18', '10', '61', '9', '89', '31', '62', '63', '45', '7', '44', '16', '83', '4', '59', '82', '17', '51', '88', '5', '93', '94', '96', '91', '58', '98', '95', '92', '84', '97', '36', '99', '90', '15', '60', '85', '43', '13', '41', '86', '1', '56', '14', '42', '37', '12', '20', '72', '71', '73', '21', '74', '55', '38', '22', '66', '24', '54', '53', '3', '23', '28', '75', '49', '27', '40', '0']
Run: 1
Elapsed Time: 0:00:00.001788 ms
Cost: 779.7185500089068
Path: ['0', '68', '26', '100', '52', '57', '39', '25', '11', '79', '67', '76', '2', '78', '77', '33', '80', '32', '50', '8', '70', '34', '64', '65', '19', '29', '69', '30', '87', '6', '81', '47', '46', '35', '48', '18', '10', '61', '9', '89', '31', '62', '63', '45', '7', '44', '16', '83', '4', '59', '82', '17', '51', '88', '5', '93', '94', '96', '91', '58', '98', '95', '92', '84', '97', '36', '99', '90', '15', '60', '85', '43', '13', '41', '86', '1', '56', '14', '42', '37', '12', '20', '72', '71', '73', '21', '74', '55', '38', '22', '66', '24', '54', '53', '3', '23', '28', '75', '49', '27', '40', '0']
Run: 2
Elapsed Time: 0:00:00.001526 ms
Cost: 779.7185500089068
Path: ['0', '68', '26', '100', '52', '57', '39', '25', '11', '79', '67', '76', '2', '78', '77', '33', '80', '32', '50', '8', '70', '34', '64', '65', '19', '29', '69', '30', '87', '6', '81', '47', '46', '35', '48', '18', '10', '61', '9', '89', '31', '62', '63', '45', '7', '44', '16', '83', '4', '59', '82', '17', '51', '88', '5', '93', '94', '96', '91', '58', '98', '95', '92', '84', '97', '36', '99', '90', '15', '60', '85', '43', '13', '41', '86', '1', '56', '14', '42', '37', '12', '20', '72', '71', '73', '21', '74', '55', '38', '22', '66', '24', '54', '53', '3', '23', '28', '75', '49', '27', '40', '0']
Run: 3
Elapsed Time: 0:00:00.001824 ms
Cost: 779.7185500089068
Path: ['0', '68', '26', '100', '52', '57', '39', '25', '11', '79', '67', '76', '2', '78', '77', '33', '80', '32', '50', '8', '70', '34', '64', '65', '19', '29', '69', '30', '87', '6', '81', '47', '46', '35', '48', '18', '10', '61', '9', '89', '31', '62', '63', '45', '7', '44', '16', '83', '4', '59', '82', '17', '51', '88', '5', '93', '94', '96', '91', '58', '98', '95', '92', '84', '97', '36', '99', '90', '15', '60', '85', '43', '13', '41', '86', '1', '56', '14', '42', '37', '12', '20', '72', '71', '73', '21', '74', '55', '38', '22', '66', '24', '54', '53', '3', '23', '28', '75', '49', '27', '40', '0']
Run: 4
Elapsed Time: 0:00:00.001625 ms
Cost: 779.7185500089068
Path: ['0', '68', '26', '100', '52', '57', '39', '25', '11', '79', '67', '76', '2', '78', '77', '33', '80', '32', '50', '8', '70', '34', '64', '65', '19', '29', '69', '30', '87', '6', '81', '47', '46', '35', '48', '18', '10', '61', '9', '89', '31', '62', '63', '45', '7', '44', '16', '83', '4', '59', '82', '17', '51', '88', '5', '93', '94', '96', '91', '58', '98', '95', '92', '84', '97', '36', '99', '90', '15', '60', '85', '43', '13', '41', '86', '1', '56', '14', '42', '37', '12', '20', '72', '71', '73', '21', '74', '55', '38', '22', '66', '24', '54', '53', '3', '23', '28', '75', '49', '27', '40', '0']

TSPLIB: gil262
Run: 0
Elapsed Time: 0:00:00.011710 ms
Cost: 3186.0232292116693
Path: ['0', '228', '70', '30', '204', '220', '128', '129', '48', '11', '132', '4', '190', '261', '78', '18', '184', '71', '32', '253', '233', '67', '141', '231', '69', '98', '107', '243', '208', '144', '114', '99', '20', '137', '185', '80', '3', '257', '187', '94', '33', '181', '27', '155', '259', '238', '34', '118', '217', '183', '191', '143', '215', '62', '179', '199', '178', '160', '92', '186', '44', '127', '47', '195', '173', '142', '13', '106', '97', '239', '116', '254', '251', '110', '235', '22', '119', '21', '43', '198', '250', '207', '245', '24', '140', '103', '73', '214', '125', '115', '2', '117', '122', '7', '189', '111', '212', '95', '72', '197', '203', '53', '260', '26', '172', '136', '17', '29', '256', '123', '227', '52', '64', '205', '82', '216', '194', '1', '169', '147', '25', '8', '152', '229', '57', '182', '149', '35', '219', '188', '247', '120', '105', '88', '166', '12', '113', '252', '100', '192', '124', '63', '162', '223', '81', '156', '248', '61', '236', '176', '68', '249', '234', '240', '10', '224', '222', '42', '121', '37', '241', '55', '255', '9', '237', '130', '213', '56', '202', '41', '196', '193', '79', '112', '102', '167', '46', '54', '174', '258', '77', '31', '200', '66', '50', '133', '157', '59', '109', '108', '19', '226', '28', '96', '131', '104', '84', '221', '164', '5', '242', '15', '83', '134', '145', '38', '101', '14', '218', '74', '161', '58', '180', '170', '168', '51', '232', '175', '135', '225', '23', '39', '126', '244', '146', '158', '40', '209', '177', '91', '36', '151', '45', '90', '76', '49', '87', '150', '93', '85', '148', '246', '211', '159', '6', '163', '139', '171', '165', '206', '210', '89', '60', '230', '201', '138', '154', '75', '153', '86', '65', '16', '0']
Run: 1
Elapsed Time: 0:00:00.011567 ms
Cost: 3186.0232292116693
Path: ['0', '228', '70', '30', '204', '220', '128', '129', '48', '11', '132', '4', '190', '261', '78', '18', '184', '71', '32', '253', '233', '67', '141', '231', '69', '98', '107', '243', '208', '144', '114', '99', '20', '137', '185', '80', '3', '257', '187', '94', '33', '181', '27', '155', '259', '238', '34', '118', '217', '183', '191', '143', '215', '62', '179', '199', '178', '160', '92', '186', '44', '127', '47', '195', '173', '142', '13', '106', '97', '239', '116', '254', '251', '110', '235', '22', '119', '21', '43', '198', '250', '207', '245', '24', '140', '103', '73', '214', '125', '115', '2', '117', '122', '7', '189', '111', '212', '95', '72', '197', '203', '53', '260', '26', '172', '136', '17', '29', '256', '123', '227', '52', '64', '205', '82', '216', '194', '1', '169', '147', '25', '8', '152', '229', '57', '182', '149', '35', '219', '188', '247', '120', '105', '88', '166', '12', '113', '252', '100', '192', '124', '63', '162', '223', '81', '156', '248', '61', '236', '176', '68', '249', '234', '240', '10', '224', '222', '42', '121', '37', '241', '55', '255', '9', '237', '130', '213', '56', '202', '41', '196', '193', '79', '112', '102', '167', '46', '54', '174', '258', '77', '31', '200', '66', '50', '133', '157', '59', '109', '108', '19', '226', '28', '96', '131', '104', '84', '221', '164', '5', '242', '15', '83', '134', '145', '38', '101', '14', '218', '74', '161', '58', '180', '170', '168', '51', '232', '175', '135', '225', '23', '39', '126', '244', '146', '158', '40', '209', '177', '91', '36', '151', '45', '90', '76', '49', '87', '150', '93', '85', '148', '246', '211', '159', '6', '163', '139', '171', '165', '206', '210', '89', '60', '230', '201', '138', '154', '75', '153', '86', '65', '16', '0']
Run: 2
Elapsed Time: 0:00:00.010992 ms
Cost: 3186.0232292116693
Path: ['0', '228', '70', '30', '204', '220', '128', '129', '48', '11', '132', '4', '190', '261', '78', '18', '184', '71', '32', '253', '233', '67', '141', '231', '69', '98', '107', '243', '208', '144', '114', '99', '20', '137', '185', '80', '3', '257', '187', '94', '33', '181', '27', '155', '259', '238', '34', '118', '217', '183', '191', '143', '215', '62', '179', '199', '178', '160', '92', '186', '44', '127', '47', '195', '173', '142', '13', '106', '97', '239', '116', '254', '251', '110', '235', '22', '119', '21', '43', '198', '250', '207', '245', '24', '140', '103', '73', '214', '125', '115', '2', '117', '122', '7', '189', '111', '212', '95', '72', '197', '203', '53', '260', '26', '172', '136', '17', '29', '256', '123', '227', '52', '64', '205', '82', '216', '194', '1', '169', '147', '25', '8', '152', '229', '57', '182', '149', '35', '219', '188', '247', '120', '105', '88', '166', '12', '113', '252', '100', '192', '124', '63', '162', '223', '81', '156', '248', '61', '236', '176', '68', '249', '234', '240', '10', '224', '222', '42', '121', '37', '241', '55', '255', '9', '237', '130', '213', '56', '202', '41', '196', '193', '79', '112', '102', '167', '46', '54', '174', '258', '77', '31', '200', '66', '50', '133', '157', '59', '109', '108', '19', '226', '28', '96', '131', '104', '84', '221', '164', '5', '242', '15', '83', '134', '145', '38', '101', '14', '218', '74', '161', '58', '180', '170', '168', '51', '232', '175', '135', '225', '23', '39', '126', '244', '146', '158', '40', '209', '177', '91', '36', '151', '45', '90', '76', '49', '87', '150', '93', '85', '148', '246', '211', '159', '6', '163', '139', '171', '165', '206', '210', '89', '60', '230', '201', '138', '154', '75', '153', '86', '65', '16', '0']
Run: 3
Elapsed Time: 0:00:00.011299 ms
Cost: 3186.0232292116693
Path: ['0', '228', '70', '30', '204', '220', '128', '129', '48', '11', '132', '4', '190', '261', '78', '18', '184', '71', '32', '253', '233', '67', '141', '231', '69', '98', '107', '243', '208', '144', '114', '99', '20', '137', '185', '80', '3', '257', '187', '94', '33', '181', '27', '155', '259', '238', '34', '118', '217', '183', '191', '143', '215', '62', '179', '199', '178', '160', '92', '186', '44', '127', '47', '195', '173', '142', '13', '106', '97', '239', '116', '254', '251', '110', '235', '22', '119', '21', '43', '198', '250', '207', '245', '24', '140', '103', '73', '214', '125', '115', '2', '117', '122', '7', '189', '111', '212', '95', '72', '197', '203', '53', '260', '26', '172', '136', '17', '29', '256', '123', '227', '52', '64', '205', '82', '216', '194', '1', '169', '147', '25', '8', '152', '229', '57', '182', '149', '35', '219', '188', '247', '120', '105', '88', '166', '12', '113', '252', '100', '192', '124', '63', '162', '223', '81', '156', '248', '61', '236', '176', '68', '249', '234', '240', '10', '224', '222', '42', '121', '37', '241', '55', '255', '9', '237', '130', '213', '56', '202', '41', '196', '193', '79', '112', '102', '167', '46', '54', '174', '258', '77', '31', '200', '66', '50', '133', '157', '59', '109', '108', '19', '226', '28', '96', '131', '104', '84', '221', '164', '5', '242', '15', '83', '134', '145', '38', '101', '14', '218', '74', '161', '58', '180', '170', '168', '51', '232', '175', '135', '225', '23', '39', '126', '244', '146', '158', '40', '209', '177', '91', '36', '151', '45', '90', '76', '49', '87', '150', '93', '85', '148', '246', '211', '159', '6', '163', '139', '171', '165', '206', '210', '89', '60', '230', '201', '138', '154', '75', '153', '86', '65', '16', '0']
Run: 4
Elapsed Time: 0:00:00.010825 ms
Cost: 3186.0232292116693
Path: ['0', '228', '70', '30', '204', '220', '128', '129', '48', '11', '132', '4', '190', '261', '78', '18', '184', '71', '32', '253', '233', '67', '141', '231', '69', '98', '107', '243', '208', '144', '114', '99', '20', '137', '185', '80', '3', '257', '187', '94', '33', '181', '27', '155', '259', '238', '34', '118', '217', '183', '191', '143', '215', '62', '179', '199', '178', '160', '92', '186', '44', '127', '47', '195', '173', '142', '13', '106', '97', '239', '116', '254', '251', '110', '235', '22', '119', '21', '43', '198', '250', '207', '245', '24', '140', '103', '73', '214', '125', '115', '2', '117', '122', '7', '189', '111', '212', '95', '72', '197', '203', '53', '260', '26', '172', '136', '17', '29', '256', '123', '227', '52', '64', '205', '82', '216', '194', '1', '169', '147', '25', '8', '152', '229', '57', '182', '149', '35', '219', '188', '247', '120', '105', '88', '166', '12', '113', '252', '100', '192', '124', '63', '162', '223', '81', '156', '248', '61', '236', '176', '68', '249', '234', '240', '10', '224', '222', '42', '121', '37', '241', '55', '255', '9', '237', '130', '213', '56', '202', '41', '196', '193', '79', '112', '102', '167', '46', '54', '174', '258', '77', '31', '200', '66', '50', '133', '157', '59', '109', '108', '19', '226', '28', '96', '131', '104', '84', '221', '164', '5', '242', '15', '83', '134', '145', '38', '101', '14', '218', '74', '161', '58', '180', '170', '168', '51', '232', '175', '135', '225', '23', '39', '126', '244', '146', '158', '40', '209', '177', '91', '36', '151', '45', '90', '76', '49', '87', '150', '93', '85', '148', '246', '211', '159', '6', '163', '139', '171', '165', '206', '210', '89', '60', '230', '201', '138', '154', '75', '153', '86', '65', '16', '0']
